<?xml version="1.0" encoding="UTF-8"?>
<coverage generated="1524517511380" clover="3.2.0">
  <project timestamp="1524517511380" name="All files">
    <metrics statements="56" coveredstatements="28" conditionals="10" coveredconditionals="2" methods="16" coveredmethods="3" elements="82" coveredelements="33" complexity="0" loc="56" ncloc="56" packages="3" files="6" classes="6">
      <package name="infrastructure.aws">
        <metrics statements="22" coveredstatements="16" conditionals="7" coveredconditionals="2" methods="7" coveredmethods="1"/>
        <file name="aws.js" path="/Users/muriloamendola/github/serverless-graphql-rest-api/core/infrastructure/aws/aws.js">
          <metrics statements="3" coveredstatements="3" conditionals="2" coveredconditionals="1" methods="0" coveredmethods="0"/>
          <line num="1" count="1" type="stmt"/>
          <line num="2" count="1" type="stmt"/>
          <line num="4" count="1" type="cond" truecount="1" falsecount="1"/>
        </file>
        <file name="dynamodb.js" path="/Users/muriloamendola/github/serverless-graphql-rest-api/core/infrastructure/aws/dynamodb.js">
          <metrics statements="19" coveredstatements="13" conditionals="5" coveredconditionals="1" methods="7" coveredmethods="1"/>
          <line num="1" count="1" type="stmt"/>
          <line num="2" count="1" type="stmt"/>
          <line num="3" count="1" type="cond" truecount="1" falsecount="1"/>
          <line num="5" count="4" type="stmt"/>
          <line num="7" count="1" type="stmt"/>
          <line num="9" count="1" type="stmt"/>
          <line num="10" count="1" type="stmt"/>
          <line num="12" count="1" type="cond" truecount="0" falsecount="1"/>
          <line num="13" count="0" type="stmt"/>
          <line num="15" count="0" type="stmt"/>
          <line num="16" count="0" type="cond" truecount="0" falsecount="2"/>
          <line num="17" count="0" type="stmt"/>
          <line num="18" count="0" type="stmt"/>
          <line num="20" count="0" type="stmt"/>
          <line num="24" count="1" type="stmt"/>
          <line num="25" count="1" type="stmt"/>
          <line num="26" count="1" type="stmt"/>
          <line num="27" count="1" type="stmt"/>
          <line num="29" count="1" type="stmt"/>
        </file>
      </package>
      <package name="repositories.dynamodb">
        <metrics statements="20" coveredstatements="4" conditionals="0" coveredconditionals="0" methods="5" coveredmethods="0"/>
        <file name="companies-repository.js" path="/Users/muriloamendola/github/serverless-graphql-rest-api/core/repositories/dynamodb/companies-repository.js">
          <metrics statements="7" coveredstatements="0" conditionals="0" coveredconditionals="0" methods="2" coveredmethods="0"/>
          <line num="1" count="0" type="stmt"/>
          <line num="3" count="0" type="stmt"/>
          <line num="5" count="0" type="stmt"/>
          <line num="6" count="0" type="stmt"/>
          <line num="13" count="0" type="stmt"/>
          <line num="14" count="0" type="stmt"/>
          <line num="17" count="0" type="stmt"/>
        </file>
        <file name="contacts-repository.js" path="/Users/muriloamendola/github/serverless-graphql-rest-api/core/repositories/dynamodb/contacts-repository.js">
          <metrics statements="6" coveredstatements="4" conditionals="0" coveredconditionals="0" methods="1" coveredmethods="0"/>
          <line num="1" count="1" type="stmt"/>
          <line num="3" count="1" type="stmt"/>
          <line num="5" count="1" type="stmt"/>
          <line num="6" count="0" type="stmt"/>
          <line num="15" count="0" type="stmt"/>
          <line num="18" count="1" type="stmt"/>
        </file>
        <file name="users-repository.js" path="/Users/muriloamendola/github/serverless-graphql-rest-api/core/repositories/dynamodb/users-repository.js">
          <metrics statements="7" coveredstatements="0" conditionals="0" coveredconditionals="0" methods="2" coveredmethods="0"/>
          <line num="1" count="0" type="stmt"/>
          <line num="3" count="0" type="stmt"/>
          <line num="5" count="0" type="stmt"/>
          <line num="6" count="0" type="stmt"/>
          <line num="13" count="0" type="stmt"/>
          <line num="14" count="0" type="stmt"/>
          <line num="17" count="0" type="stmt"/>
        </file>
      </package>
      <package name="services">
        <metrics statements="14" coveredstatements="8" conditionals="3" coveredconditionals="0" methods="4" coveredmethods="2"/>
        <file name="connections-service.js" path="/Users/muriloamendola/github/serverless-graphql-rest-api/core/services/connections-service.js">
          <metrics statements="14" coveredstatements="8" conditionals="3" coveredconditionals="0" methods="4" coveredmethods="2"/>
          <line num="1" count="1" type="stmt"/>
          <line num="2" count="1" type="stmt"/>
          <line num="4" count="1" type="cond" truecount="0" falsecount="1"/>
          <line num="5" count="1" type="stmt"/>
          <line num="7" count="1" type="stmt"/>
          <line num="9" count="1" type="stmt"/>
          <line num="10" count="0" type="stmt"/>
          <line num="11" count="0" type="stmt"/>
          <line num="12" count="0" type="cond" truecount="0" falsecount="2"/>
          <line num="13" count="0" type="stmt"/>
          <line num="14" count="0" type="stmt"/>
          <line num="16" count="0" type="stmt"/>
          <line num="25" count="1" type="stmt"/>
          <line num="29" count="1" type="stmt"/>
        </file>
      </package>
    </metrics>
  </project>
</coverage>
