{"/Users/muriloamendola/github/serverless-graphql-rest-api/core/infrastructure/aws/aws.js": {"path":"/Users/muriloamendola/github/serverless-graphql-rest-api/core/infrastructure/aws/aws.js","statementMap":{"0":{"start":{"line":1,"column":13},"end":{"line":1,"column":36}},"1":{"start":{"line":2,"column":12},"end":{"line":2,"column":30}},"2":{"start":{"line":4,"column":0},"end":{"line":4,"column":75}}},"fnMap":{},"branchMap":{"0":{"loc":{"start":{"line":4,"column":17},"end":{"line":4,"column":74}},"type":"cond-expr","locations":[{"start":{"line":4,"column":48},"end":{"line":4,"column":68}},{"start":{"line":4,"column":71},"end":{"line":4,"column":74}}],"line":4}},"s":{"0":1,"1":1,"2":1},"f":{},"b":{"0":[0,1]},"_coverageSchema":"332fd63041d2c1bcb487cc26dd0d5f7d97098a6c","hash":"aa043856b70ed57072278cc553bd236047704c7c"}
,"/Users/muriloamendola/github/serverless-graphql-rest-api/core/infrastructure/aws/dynamodb.js": {"path":"/Users/muriloamendola/github/serverless-graphql-rest-api/core/infrastructure/aws/dynamodb.js","statementMap":{"0":{"start":{"line":1,"column":12},"end":{"line":1,"column":28}},"1":{"start":{"line":2,"column":16},"end":{"line":2,"column":74}},"2":{"start":{"line":3,"column":17},"end":{"line":3,"column":118}},"3":{"start":{"line":5,"column":16},"end":{"line":5,"column":76}},"4":{"start":{"line":5,"column":29},"end":{"line":5,"column":76}},"5":{"start":{"line":5,"column":41},"end":{"line":5,"column":76}},"6":{"start":{"line":7,"column":12},"end":{"line":7,"column":57}},"7":{"start":{"line":7,"column":24},"end":{"line":7,"column":57}},"8":{"start":{"line":9,"column":13},"end":{"line":9,"column":58}},"9":{"start":{"line":9,"column":25},"end":{"line":9,"column":58}},"10":{"start":{"line":10,"column":14},"end":{"line":10,"column":60}},"11":{"start":{"line":10,"column":26},"end":{"line":10,"column":60}},"12":{"start":{"line":12,"column":26},"end":{"line":22,"column":1}},"13":{"start":{"line":13,"column":2},"end":{"line":21,"column":7}},"14":{"start":{"line":15,"column":6},"end":{"line":15,"column":41}},"15":{"start":{"line":16,"column":6},"end":{"line":19,"column":7}},"16":{"start":{"line":17,"column":8},"end":{"line":17,"column":57}},"17":{"start":{"line":18,"column":8},"end":{"line":18,"column":58}},"18":{"start":{"line":20,"column":6},"end":{"line":20,"column":20}},"19":{"start":{"line":24,"column":15},"end":{"line":24,"column":32}},"20":{"start":{"line":25,"column":15},"end":{"line":25,"column":32}},"21":{"start":{"line":26,"column":12},"end":{"line":26,"column":26}},"22":{"start":{"line":27,"column":17},"end":{"line":27,"column":36}},"23":{"start":{"line":29,"column":0},"end":{"line":29,"column":77}}},"fnMap":{"0":{"name":"(anonymous_0)","decl":{"start":{"line":5,"column":16},"end":{"line":5,"column":17}},"loc":{"start":{"line":5,"column":29},"end":{"line":5,"column":76}},"line":5},"1":{"name":"(anonymous_1)","decl":{"start":{"line":5,"column":29},"end":{"line":5,"column":30}},"loc":{"start":{"line":5,"column":41},"end":{"line":5,"column":76}},"line":5},"2":{"name":"(anonymous_2)","decl":{"start":{"line":7,"column":12},"end":{"line":7,"column":13}},"loc":{"start":{"line":7,"column":24},"end":{"line":7,"column":57}},"line":7},"3":{"name":"(anonymous_3)","decl":{"start":{"line":9,"column":13},"end":{"line":9,"column":14}},"loc":{"start":{"line":9,"column":25},"end":{"line":9,"column":58}},"line":9},"4":{"name":"(anonymous_4)","decl":{"start":{"line":10,"column":14},"end":{"line":10,"column":15}},"loc":{"start":{"line":10,"column":26},"end":{"line":10,"column":60}},"line":10},"5":{"name":"(anonymous_5)","decl":{"start":{"line":12,"column":26},"end":{"line":12,"column":27}},"loc":{"start":{"line":12,"column":58},"end":{"line":22,"column":1}},"line":12},"6":{"name":"(anonymous_6)","decl":{"start":{"line":14,"column":10},"end":{"line":14,"column":11}},"loc":{"start":{"line":14,"column":18},"end":{"line":21,"column":5}},"line":14}},"branchMap":{"0":{"loc":{"start":{"line":3,"column":17},"end":{"line":3,"column":118}},"type":"cond-expr","locations":[{"start":{"line":3,"column":42},"end":{"line":3,"column":82}},{"start":{"line":3,"column":85},"end":{"line":3,"column":118}}],"line":3},"1":{"loc":{"start":{"line":12,"column":44},"end":{"line":12,"column":53}},"type":"default-arg","locations":[{"start":{"line":12,"column":51},"end":{"line":12,"column":53}}],"line":12},"2":{"loc":{"start":{"line":16,"column":6},"end":{"line":19,"column":7}},"type":"if","locations":[{"start":{"line":16,"column":6},"end":{"line":19,"column":7}},{"start":{"line":16,"column":6},"end":{"line":19,"column":7}}],"line":16}},"s":{"0":1,"1":1,"2":1,"3":1,"4":4,"5":0,"6":1,"7":0,"8":1,"9":0,"10":1,"11":0,"12":1,"13":0,"14":0,"15":0,"16":0,"17":0,"18":0,"19":1,"20":1,"21":1,"22":1,"23":1},"f":{"0":4,"1":0,"2":0,"3":0,"4":0,"5":0,"6":0},"b":{"0":[0,1],"1":[0],"2":[0,0]},"_coverageSchema":"332fd63041d2c1bcb487cc26dd0d5f7d97098a6c","hash":"f71dff1f9e3baea21ec869671c839f9fede94706"}
,"/Users/muriloamendola/github/serverless-graphql-rest-api/core/repositories/dynamodb/companies-repository.js": {"path":"/Users/muriloamendola/github/serverless-graphql-rest-api/core/repositories/dynamodb/companies-repository.js","statementMap":{"0":{"start":{"line":1,"column":15},"end":{"line":1,"column":0}},"1":{"start":{"line":3,"column":21},"end":{"line":3,"column":0}},"2":{"start":{"line":5,"column":16},"end":{"line":5,"column":0}},"3":{"start":{"line":6,"column":15},"end":{"line":6,"column":2}},"4":{"start":{"line":13,"column":2},"end":{"line":null,"column":-1}},"5":{"start":{"line":14,"column":10},"end":{"line":null,"column":-1}},"6":{"start":{"line":17,"column":0},"end":{"line":null,"column":-1}}},"fnMap":{"0":{"name":"getById","decl":{"start":{"line":5,"column":6},"end":{"line":5,"column":16}},"loc":{"start":{"line":5,"column":22},"end":{"line":5,"column":0}}},"1":{"name":"(anonymous_1)","decl":{"start":{"line":14,"column":10},"end":{"line":null,"column":-1}},"loc":{"start":{"line":14,"column":10},"end":{"line":13,"column":9}}}},"branchMap":{},"s":{"0":0,"1":0,"2":0,"3":0,"4":0,"5":0,"6":0},"f":{"0":0,"1":0},"b":{}}
,"/Users/muriloamendola/github/serverless-graphql-rest-api/core/repositories/dynamodb/contacts-repository.js": {"path":"/Users/muriloamendola/github/serverless-graphql-rest-api/core/repositories/dynamodb/contacts-repository.js","statementMap":{"0":{"start":{"line":1,"column":15},"end":{"line":1,"column":59}},"1":{"start":{"line":3,"column":18},"end":{"line":3,"column":49}},"2":{"start":{"line":5,"column":23},"end":{"line":16,"column":1}},"3":{"start":{"line":6,"column":15},"end":{"line":13,"column":3}},"4":{"start":{"line":15,"column":2},"end":{"line":15,"column":30}},"5":{"start":{"line":18,"column":0},"end":{"line":20,"column":2}}},"fnMap":{"0":{"name":"(anonymous_0)","decl":{"start":{"line":5,"column":23},"end":{"line":5,"column":24}},"loc":{"start":{"line":5,"column":36},"end":{"line":16,"column":1}},"line":5}},"branchMap":{},"s":{"0":1,"1":1,"2":1,"3":0,"4":0,"5":1},"f":{"0":0},"b":{},"_coverageSchema":"332fd63041d2c1bcb487cc26dd0d5f7d97098a6c","hash":"aa6c6f55affb7b9ad6f29c988c4ec421e10f3159"}
,"/Users/muriloamendola/github/serverless-graphql-rest-api/core/repositories/dynamodb/users-repository.js": {"path":"/Users/muriloamendola/github/serverless-graphql-rest-api/core/repositories/dynamodb/users-repository.js","statementMap":{"0":{"start":{"line":1,"column":15},"end":{"line":1,"column":0}},"1":{"start":{"line":3,"column":21},"end":{"line":3,"column":0}},"2":{"start":{"line":5,"column":17},"end":{"line":5,"column":0}},"3":{"start":{"line":6,"column":15},"end":{"line":6,"column":2}},"4":{"start":{"line":13,"column":2},"end":{"line":null,"column":-1}},"5":{"start":{"line":14,"column":10},"end":{"line":null,"column":-1}},"6":{"start":{"line":17,"column":0},"end":{"line":null,"column":-1}}},"fnMap":{"0":{"name":"getByUid","decl":{"start":{"line":5,"column":6},"end":{"line":5,"column":17}},"loc":{"start":{"line":5,"column":24},"end":{"line":5,"column":0}}},"1":{"name":"(anonymous_1)","decl":{"start":{"line":14,"column":10},"end":{"line":null,"column":-1}},"loc":{"start":{"line":14,"column":10},"end":{"line":13,"column":9}}}},"branchMap":{},"s":{"0":0,"1":0,"2":0,"3":0,"4":0,"5":0,"6":0},"f":{"0":0,"1":0},"b":{}}
,"/Users/muriloamendola/github/serverless-graphql-rest-api/core/services/connections-service.js": {"path":"/Users/muriloamendola/github/serverless-graphql-rest-api/core/services/connections-service.js","statementMap":{"0":{"start":{"line":1,"column":10},"end":{"line":1,"column":30}},"1":{"start":{"line":2,"column":27},"end":{"line":2,"column":82}},"2":{"start":{"line":4,"column":23},"end":{"line":27,"column":1}},"3":{"start":{"line":5,"column":2},"end":{"line":26,"column":6}},"4":{"start":{"line":7,"column":26},"end":{"line":7,"column":28}},"5":{"start":{"line":9,"column":6},"end":{"line":23,"column":19}},"6":{"start":{"line":10,"column":8},"end":{"line":22,"column":31}},"7":{"start":{"line":11,"column":33},"end":{"line":11,"column":76}},"8":{"start":{"line":12,"column":10},"end":{"line":21,"column":11}},"9":{"start":{"line":13,"column":12},"end":{"line":13,"column":58}},"10":{"start":{"line":14,"column":12},"end":{"line":14,"column":47}},"11":{"start":{"line":16,"column":12},"end":{"line":20,"column":15}},"12":{"start":{"line":25,"column":6},"end":{"line":25,"column":25}},"13":{"start":{"line":29,"column":0},"end":{"line":29,"column":36}}},"fnMap":{"0":{"name":"(anonymous_0)","decl":{"start":{"line":4,"column":23},"end":{"line":4,"column":24}},"loc":{"start":{"line":4,"column":79},"end":{"line":27,"column":1}},"line":4},"1":{"name":"(anonymous_1)","decl":{"start":{"line":6,"column":10},"end":{"line":6,"column":11}},"loc":{"start":{"line":6,"column":22},"end":{"line":26,"column":5}},"line":6},"2":{"name":"(anonymous_2)","decl":{"start":{"line":9,"column":13},"end":{"line":9,"column":14}},"loc":{"start":{"line":9,"column":24},"end":{"line":23,"column":7}},"line":9},"3":{"name":"(anonymous_3)","decl":{"start":{"line":10,"column":15},"end":{"line":10,"column":16}},"loc":{"start":{"line":10,"column":29},"end":{"line":22,"column":9}},"line":10}},"branchMap":{"0":{"loc":{"start":{"line":4,"column":35},"end":{"line":4,"column":74}},"type":"default-arg","locations":[{"start":{"line":4,"column":56},"end":{"line":4,"column":74}}],"line":4},"1":{"loc":{"start":{"line":12,"column":10},"end":{"line":21,"column":11}},"type":"if","locations":[{"start":{"line":12,"column":10},"end":{"line":21,"column":11}},{"start":{"line":12,"column":10},"end":{"line":21,"column":11}}],"line":12}},"s":{"0":1,"1":1,"2":1,"3":1,"4":1,"5":1,"6":0,"7":0,"8":0,"9":0,"10":0,"11":0,"12":1,"13":1},"f":{"0":1,"1":1,"2":0,"3":0},"b":{"0":[0],"1":[0,0]},"_coverageSchema":"332fd63041d2c1bcb487cc26dd0d5f7d97098a6c","hash":"0c82a8aca1d6c65bba247f109d0ebbb8978e34bd"}
}
