TN:
SF:/Users/muriloamendola/github/serverless-graphql-rest-api/core/infrastructure/aws/aws.js
FNF:0
FNH:0
DA:1,1
DA:2,1
DA:4,1
LF:3
LH:3
BRDA:4,0,0,0
BRDA:4,0,1,1
BRF:2
BRH:1
end_of_record
TN:
SF:/Users/muriloamendola/github/serverless-graphql-rest-api/core/infrastructure/aws/dynamodb.js
FN:5,(anonymous_0)
FN:5,(anonymous_1)
FN:7,(anonymous_2)
FN:9,(anonymous_3)
FN:10,(anonymous_4)
FN:12,(anonymous_5)
FN:14,(anonymous_6)
FNF:7
FNH:1
FNDA:4,(anonymous_0)
FNDA:0,(anonymous_1)
FNDA:0,(anonymous_2)
FNDA:0,(anonymous_3)
FNDA:0,(anonymous_4)
FNDA:0,(anonymous_5)
FNDA:0,(anonymous_6)
DA:1,1
DA:2,1
DA:3,1
DA:5,4
DA:7,1
DA:9,1
DA:10,1
DA:12,1
DA:13,0
DA:15,0
DA:16,0
DA:17,0
DA:18,0
DA:20,0
DA:24,1
DA:25,1
DA:26,1
DA:27,1
DA:29,1
LF:19
LH:13
BRDA:3,0,0,0
BRDA:3,0,1,1
BRDA:12,1,0,0
BRDA:16,2,0,0
BRDA:16,2,1,0
BRF:5
BRH:1
end_of_record
TN:
SF:/Users/muriloamendola/github/serverless-graphql-rest-api/core/repositories/dynamodb/companies-repository.js
FN:5,getById
FN:14,(anonymous_1)
FNF:2
FNH:0
FNDA:0,getById
FNDA:0,(anonymous_1)
DA:1,0
DA:3,0
DA:5,0
DA:6,0
DA:13,0
DA:14,0
DA:17,0
LF:7
LH:0
BRF:0
BRH:0
end_of_record
TN:
SF:/Users/muriloamendola/github/serverless-graphql-rest-api/core/repositories/dynamodb/contacts-repository.js
FN:5,(anonymous_0)
FNF:1
FNH:0
FNDA:0,(anonymous_0)
DA:1,1
DA:3,1
DA:5,1
DA:6,0
DA:15,0
DA:18,1
LF:6
LH:4
BRF:0
BRH:0
end_of_record
TN:
SF:/Users/muriloamendola/github/serverless-graphql-rest-api/core/repositories/dynamodb/users-repository.js
FN:5,getByUid
FN:14,(anonymous_1)
FNF:2
FNH:0
FNDA:0,getByUid
FNDA:0,(anonymous_1)
DA:1,0
DA:3,0
DA:5,0
DA:6,0
DA:13,0
DA:14,0
DA:17,0
LF:7
LH:0
BRF:0
BRH:0
end_of_record
TN:
SF:/Users/muriloamendola/github/serverless-graphql-rest-api/core/services/connections-service.js
FN:4,(anonymous_0)
FN:6,(anonymous_1)
FN:9,(anonymous_2)
FN:10,(anonymous_3)
FNF:4
FNH:2
FNDA:1,(anonymous_0)
FNDA:1,(anonymous_1)
FNDA:0,(anonymous_2)
FNDA:0,(anonymous_3)
DA:1,1
DA:2,1
DA:4,1
DA:5,1
DA:7,1
DA:9,1
DA:10,0
DA:11,0
DA:12,0
DA:13,0
DA:14,0
DA:16,0
DA:25,1
DA:29,1
LF:14
LH:8
BRDA:4,0,0,0
BRDA:12,1,0,0
BRDA:12,1,1,0
BRF:3
BRH:0
end_of_record
